C:\USERS\1\DOCUMENTS\VISUAL STUDIO 2010\PROJECTS\KARTY2\KARTY\DEBUG\KARTY.EXE
C:\USERS\1\DOCUMENTS\VISUAL STUDIO 2010\PROJECTS\KARTY2\KARTY\DEBUG\KARTY.ILK
C:\USERS\1\DOCUMENTS\VISUAL STUDIO 2010\PROJECTS\KARTY2\KARTY\DEBUG\KARTY.PDB
C:\Users\1\Documents\Visual Studio 2010\Projects\Karty2\Karty\Karty\Debug\cl.command.1.tlog
C:\Users\1\Documents\Visual Studio 2010\Projects\Karty2\Karty\Karty\Debug\CL.read.1.tlog
C:\Users\1\Documents\Visual Studio 2010\Projects\Karty2\Karty\Karty\Debug\CL.write.1.tlog
C:\USERS\1\DOCUMENTS\VISUAL STUDIO 2010\PROJECTS\KARTY2\KARTY\KARTY\DEBUG\DECK.OBJ
C:\USERS\1\DOCUMENTS\VISUAL STUDIO 2010\PROJECTS\KARTY2\KARTY\KARTY\DEBUG\GAME.OBJ
C:\USERS\1\DOCUMENTS\VISUAL STUDIO 2010\PROJECTS\KARTY2\KARTY\KARTY\DEBUG\GAME_MAIN.OBJ
C:\USERS\1\DOCUMENTS\VISUAL STUDIO 2010\PROJECTS\KARTY2\KARTY\KARTY\DEBUG\KARTY.EXE.EMBED.MANIFEST
C:\USERS\1\DOCUMENTS\VISUAL STUDIO 2010\PROJECTS\KARTY2\KARTY\KARTY\DEBUG\KARTY.EXE.EMBED.MANIFEST.RES
C:\USERS\1\DOCUMENTS\VISUAL STUDIO 2010\PROJECTS\KARTY2\KARTY\KARTY\DEBUG\KARTY.EXE.INTERMEDIATE.MANIFEST
C:\USERS\1\DOCUMENTS\VISUAL STUDIO 2010\PROJECTS\KARTY2\KARTY\KARTY\DEBUG\KARTY.RES
C:\Users\1\Documents\Visual Studio 2010\Projects\Karty2\Karty\Karty\Debug\Karty_manifest.rc
C:\Users\1\Documents\Visual Studio 2010\Projects\Karty2\Karty\Karty\Debug\link.command.1.tlog
C:\Users\1\Documents\Visual Studio 2010\Projects\Karty2\Karty\Karty\Debug\link.read.1.tlog
C:\Users\1\Documents\Visual Studio 2010\Projects\Karty2\Karty\Karty\Debug\link.write.1.tlog
C:\Users\1\Documents\Visual Studio 2010\Projects\Karty2\Karty\Karty\Debug\link-cvtres.read.1.tlog
C:\Users\1\Documents\Visual Studio 2010\Projects\Karty2\Karty\Karty\Debug\link-cvtres.write.1.tlog
C:\Users\1\Documents\Visual Studio 2010\Projects\Karty2\Karty\Karty\Debug\mt.command.1.tlog
C:\Users\1\Documents\Visual Studio 2010\Projects\Karty2\Karty\Karty\Debug\mt.read.1.tlog
C:\Users\1\Documents\Visual Studio 2010\Projects\Karty2\Karty\Karty\Debug\mt.write.1.tlog
C:\USERS\1\DOCUMENTS\VISUAL STUDIO 2010\PROJECTS\KARTY2\KARTY\KARTY\DEBUG\PLAYER.OBJ
C:\Users\1\Documents\Visual Studio 2010\Projects\Karty2\Karty\Karty\Debug\rc.command.1.tlog
C:\Users\1\Documents\Visual Studio 2010\Projects\Karty2\Karty\Karty\Debug\rc.read.1.tlog
C:\Users\1\Documents\Visual Studio 2010\Projects\Karty2\Karty\Karty\Debug\rc.write.1.tlog
C:\USERS\1\DOCUMENTS\VISUAL STUDIO 2010\PROJECTS\KARTY2\KARTY\KARTY\DEBUG\SDL_CARD.OBJ
C:\USERS\1\DOCUMENTS\VISUAL STUDIO 2010\PROJECTS\KARTY2\KARTY\KARTY\DEBUG\SDL_COIN.OBJ
C:\USERS\1\DOCUMENTS\VISUAL STUDIO 2010\PROJECTS\KARTY2\KARTY\KARTY\DEBUG\SDL_FUNCTIONS.OBJ
C:\USERS\1\DOCUMENTS\VISUAL STUDIO 2010\PROJECTS\KARTY2\KARTY\KARTY\DEBUG\SDL_GAME.OBJ
C:\USERS\1\DOCUMENTS\VISUAL STUDIO 2010\PROJECTS\KARTY2\KARTY\KARTY\DEBUG\SDL_TABLE.OBJ
C:\USERS\1\DOCUMENTS\VISUAL STUDIO 2010\PROJECTS\KARTY2\KARTY\KARTY\DEBUG\SDL_TIMER.OBJ
C:\USERS\1\DOCUMENTS\VISUAL STUDIO 2010\PROJECTS\KARTY2\KARTY\KARTY\DEBUG\SDL_TRACKBAR.OBJ
C:\Users\1\Documents\Visual Studio 2010\Projects\Karty2\Karty\Karty\Debug\vc100.idb
C:\USERS\1\DOCUMENTS\VISUAL STUDIO 2010\PROJECTS\KARTY2\KARTY\KARTY\DEBUG\VC100.PDB
