C:\Users\1\Documents\Visual Studio 2010\Projects\Karty2\Karty\Karty\Release\cl.command.1.tlog
C:\Users\1\Documents\Visual Studio 2010\Projects\Karty2\Karty\Karty\Release\CL.read.1.tlog
C:\Users\1\Documents\Visual Studio 2010\Projects\Karty2\Karty\Karty\Release\CL.write.1.tlog
C:\USERS\1\DOCUMENTS\VISUAL STUDIO 2010\PROJECTS\KARTY2\KARTY\KARTY\RELEASE\DECK.OBJ
C:\USERS\1\DOCUMENTS\VISUAL STUDIO 2010\PROJECTS\KARTY2\KARTY\KARTY\RELEASE\GAME.OBJ
C:\USERS\1\DOCUMENTS\VISUAL STUDIO 2010\PROJECTS\KARTY2\KARTY\KARTY\RELEASE\GAME_MAIN.OBJ
C:\USERS\1\DOCUMENTS\VISUAL STUDIO 2010\PROJECTS\KARTY2\KARTY\KARTY\RELEASE\KARTY.EXE.INTERMEDIATE.MANIFEST
C:\USERS\1\DOCUMENTS\VISUAL STUDIO 2010\PROJECTS\KARTY2\KARTY\KARTY\RELEASE\KARTY.RES
C:\Users\1\Documents\Visual Studio 2010\Projects\Karty2\Karty\Karty\Release\link.command.1.tlog
C:\Users\1\Documents\Visual Studio 2010\Projects\Karty2\Karty\Karty\Release\link.read.1.tlog
C:\Users\1\Documents\Visual Studio 2010\Projects\Karty2\Karty\Karty\Release\link.write.1.tlog
C:\Users\1\Documents\Visual Studio 2010\Projects\Karty2\Karty\Karty\Release\link-cvtres.read.1.tlog
C:\Users\1\Documents\Visual Studio 2010\Projects\Karty2\Karty\Karty\Release\link-cvtres.write.1.tlog
C:\Users\1\Documents\Visual Studio 2010\Projects\Karty2\Karty\Karty\Release\mt.command.1.tlog
C:\Users\1\Documents\Visual Studio 2010\Projects\Karty2\Karty\Karty\Release\mt.read.1.tlog
C:\Users\1\Documents\Visual Studio 2010\Projects\Karty2\Karty\Karty\Release\mt.write.1.tlog
C:\USERS\1\DOCUMENTS\VISUAL STUDIO 2010\PROJECTS\KARTY2\KARTY\KARTY\RELEASE\PLAYER.OBJ
C:\Users\1\Documents\Visual Studio 2010\Projects\Karty2\Karty\Karty\Release\rc.command.1.tlog
C:\Users\1\Documents\Visual Studio 2010\Projects\Karty2\Karty\Karty\Release\rc.read.1.tlog
C:\Users\1\Documents\Visual Studio 2010\Projects\Karty2\Karty\Karty\Release\rc.write.1.tlog
C:\USERS\1\DOCUMENTS\VISUAL STUDIO 2010\PROJECTS\KARTY2\KARTY\KARTY\RELEASE\SDL_CARD.OBJ
C:\USERS\1\DOCUMENTS\VISUAL STUDIO 2010\PROJECTS\KARTY2\KARTY\KARTY\RELEASE\SDL_COIN.OBJ
C:\USERS\1\DOCUMENTS\VISUAL STUDIO 2010\PROJECTS\KARTY2\KARTY\KARTY\RELEASE\SDL_FUNCTIONS.OBJ
C:\USERS\1\DOCUMENTS\VISUAL STUDIO 2010\PROJECTS\KARTY2\KARTY\KARTY\RELEASE\SDL_GAME.OBJ
C:\USERS\1\DOCUMENTS\VISUAL STUDIO 2010\PROJECTS\KARTY2\KARTY\KARTY\RELEASE\SDL_TABLE.OBJ
C:\USERS\1\DOCUMENTS\VISUAL STUDIO 2010\PROJECTS\KARTY2\KARTY\KARTY\RELEASE\SDL_TIMER.OBJ
C:\USERS\1\DOCUMENTS\VISUAL STUDIO 2010\PROJECTS\KARTY2\KARTY\KARTY\RELEASE\SDL_TRACKBAR.OBJ
C:\Users\1\Documents\Visual Studio 2010\Projects\Karty2\Karty\Karty\Release\vc100.idb
C:\USERS\1\DOCUMENTS\VISUAL STUDIO 2010\PROJECTS\KARTY2\KARTY\KARTY\RELEASE\VC100.PDB
C:\USERS\1\DOCUMENTS\VISUAL STUDIO 2010\PROJECTS\KARTY2\KARTY\RELEASE\KARTY.EXE
C:\USERS\1\DOCUMENTS\VISUAL STUDIO 2010\PROJECTS\KARTY2\KARTY\RELEASE\KARTY.PDB
