Build started 2013-06-23 18:00:44.
     1>Project "C:\Users\1\Documents\Visual Studio 2010\Projects\Karty2\Karty\Karty\Karty.vcxproj" on node 2 (rebuild target(s)).
     1>_PrepareForClean:
         Deleting file "Release\Karty.lastbuildstate".
       InitializeBuildStatus:
         Creating "Release\Karty.unsuccessfulbuild" because "AlwaysCreate" was specified.
       ClCompile:
         d:\Prog\Visual Studio\VC\bin\CL.exe /c /ZI /nologo /W3 /WX- /Od /Oi /Oy- /D WIN32 /D NDEBUG /D _CONSOLE /D _UNICODE /D UNICODE /Gm- /EHsc /MD /GS /Gy /fp:precise /Zc:wchar_t /Zc:forScope /Fo"Release\\" /Fd"Release\vc100.pdb" /Gd /TP /analyze- /errorReport:prompt Game_main.cpp Player.cpp SDL_card.cpp SDL_coin.cpp SDL_functions.cpp SDL_game.cpp SDL_table.cpp SDL_timer.cpp Deck.cpp Game.cpp SDL_Trackbar.cpp
         Game_main.cpp
         Player.cpp
         SDL_card.cpp
     1>c:\users\1\documents\visual studio 2010\projects\karty2\karty\karty\sdl_card.cpp(56): warning C4244: 'initializing' : conversion from 'int' to 'float', possible loss of data
     1>c:\users\1\documents\visual studio 2010\projects\karty2\karty\karty\sdl_card.cpp(62): warning C4244: '+=' : conversion from 'float' to 'int', possible loss of data
     1>c:\users\1\documents\visual studio 2010\projects\karty2\karty\karty\sdl_card.cpp(64): warning C4244: '-=' : conversion from 'float' to 'int', possible loss of data
     1>c:\users\1\documents\visual studio 2010\projects\karty2\karty\karty\sdl_card.cpp(69): warning C4244: '+=' : conversion from 'float' to 'int', possible loss of data
     1>c:\users\1\documents\visual studio 2010\projects\karty2\karty\karty\sdl_card.cpp(71): warning C4244: '-=' : conversion from 'float' to 'int', possible loss of data
         SDL_coin.cpp
         SDL_functions.cpp
         SDL_game.cpp
         SDL_table.cpp
         SDL_timer.cpp
         Deck.cpp
     1>c:\users\1\documents\visual studio 2010\projects\karty2\karty\karty\deck.cpp(31): warning C4244: 'argument' : conversion from 'time_t' to 'unsigned int', possible loss of data
         Game.cpp
         SDL_Trackbar.cpp
     1>c:\users\1\documents\visual studio 2010\projects\karty2\karty\karty\sdl_trackbar.cpp(51): warning C4244: 'initializing' : conversion from 'int' to 'float', possible loss of data
     1>c:\users\1\documents\visual studio 2010\projects\karty2\karty\karty\sdl_trackbar.cpp(51): warning C4244: 'initializing' : conversion from 'int' to 'float', possible loss of data
     1>c:\users\1\documents\visual studio 2010\projects\karty2\karty\karty\sdl_trackbar.cpp(52): warning C4244: '=' : conversion from 'double' to 'int', possible loss of data
     1>c:\users\1\documents\visual studio 2010\projects\karty2\karty\karty\sdl_trackbar.cpp(53): warning C4244: '=' : conversion from 'float' to 'int', possible loss of data
     1>c:\users\1\documents\visual studio 2010\projects\karty2\karty\karty\sdl_trackbar.cpp(61): warning C4244: 'initializing' : conversion from 'int' to 'float', possible loss of data
     1>c:\users\1\documents\visual studio 2010\projects\karty2\karty\karty\sdl_trackbar.cpp(61): warning C4244: 'initializing' : conversion from 'int' to 'float', possible loss of data
     1>c:\users\1\documents\visual studio 2010\projects\karty2\karty\karty\sdl_trackbar.cpp(63): warning C4244: '=' : conversion from 'float' to 'int', possible loss of data
         Generating Code...
       ResourceCompile:
         C:\Program Files (x86)\Microsoft SDKs\Windows\v7.0A\bin\rc.exe /D _UNICODE /D UNICODE /l"0x0409" /nologo /fo"Release\Karty.res" Karty.rc 
       Link:
         d:\Prog\Visual Studio\VC\bin\link.exe /ERRORREPORT:PROMPT /OUT:"C:\Users\1\Documents\Visual Studio 2010\Projects\Karty2\Karty\Release\Karty.exe" /INCREMENTAL:NO /NOLOGO SDL.lib SDLmain.lib SDL_ttf.lib SDL_image.lib SDL_mixer.lib kernel32.lib user32.lib gdi32.lib winspool.lib comdlg32.lib advapi32.lib shell32.lib ole32.lib oleaut32.lib uuid.lib odbc32.lib odbccp32.lib /MANIFEST /ManifestFile:"Release\Karty.exe.intermediate.manifest" /MANIFESTUAC:"level='asInvoker' uiAccess='false'" /DEBUG /PDB:"C:\Users\1\Documents\Visual Studio 2010\Projects\Karty2\Karty\Release\Karty.pdb" /SUBSYSTEM:WINDOWS /OPT:REF /OPT:ICF /TLBID:1 /DYNAMICBASE /NXCOMPAT /IMPLIB:"C:\Users\1\Documents\Visual Studio 2010\Projects\Karty2\Karty\Release\Karty.lib" /MACHINE:X86 Release\Karty.res
         Release\Game_main.obj
         Release\Player.obj
         Release\SDL_card.obj
         Release\SDL_coin.obj
         Release\SDL_functions.obj
         Release\SDL_game.obj
         Release\SDL_table.obj
         Release\SDL_timer.obj
         Release\Deck.obj
         Release\Game.obj
         Release\SDL_Trackbar.obj "SDL.lib" "SDLmain.lib" "SDL_image.lib" "SDL_ttf.lib" "SDL_mixer.lib" 
     1>Game_main.obj : warning LNK4075: ignoring '/EDITANDCONTINUE' due to '/OPT:ICF' specification
         Karty.vcxproj -> C:\Users\1\Documents\Visual Studio 2010\Projects\Karty2\Karty\Release\Karty.exe
       Manifest:
         C:\Program Files (x86)\Microsoft SDKs\Windows\v7.0A\bin\mt.exe /nologo /verbose /outputresource:"C:\Users\1\Documents\Visual Studio 2010\Projects\Karty2\Karty\Release\Karty.exe;#1" /manifest Release\Karty.exe.intermediate.manifest
       FinalizeBuildStatus:
         Deleting file "Release\Karty.unsuccessfulbuild".
         Touching "Release\Karty.lastbuildstate".
     1>Done Building Project "C:\Users\1\Documents\Visual Studio 2010\Projects\Karty2\Karty\Karty\Karty.vcxproj" (rebuild target(s)).

Build succeeded.

Time Elapsed 00:00:03.42
